<?xml version="1.0" encoding="UTF-8"?>
<testsuite xmlns:xsi="http://www.w3.org/2001/XMLSchema-instance" xsi:noNamespaceSchemaLocation="https://maven.apache.org/surefire/maven-surefire-plugin/xsd/surefire-test-report.xsd" name="wc.AppTest" time="0.012" tests="1" errors="0" skipped="0" failures="0">
  <properties>
    <property name="gopherProxySet" value="false"/>
    <property name="awt.toolkit" value="sun.lwawt.macosx.LWCToolkit"/>
    <property name="java.specification.version" value="11"/>
    <property name="sun.cpu.isalist" value=""/>
    <property name="sun.jnu.encoding" value="UTF-8"/>
    <property name="java.class.path" value="/Users/noah/dev/flink-udemy/wc/target/test-classes:/Users/noah/dev/flink-udemy/wc/target/classes:/Users/noah/.m2/repository/junit/junit/4.11/junit-4.11.jar:/Users/noah/.m2/repository/org/hamcrest/hamcrest-core/1.3/hamcrest-core-1.3.jar:/Users/noah/.m2/repository/org/apache/flink/flink-java/1.16.2/flink-java-1.16.2.jar:/Users/noah/.m2/repository/org/apache/flink/flink-core/1.16.2/flink-core-1.16.2.jar:/Users/noah/.m2/repository/org/apache/flink/flink-annotations/1.16.2/flink-annotations-1.16.2.jar:/Users/noah/.m2/repository/org/apache/flink/flink-metrics-core/1.16.2/flink-metrics-core-1.16.2.jar:/Users/noah/.m2/repository/org/apache/flink/flink-shaded-asm-9/9.2-15.0/flink-shaded-asm-9-9.2-15.0.jar:/Users/noah/.m2/repository/org/apache/flink/flink-shaded-jackson/2.12.4-15.0/flink-shaded-jackson-2.12.4-15.0.jar:/Users/noah/.m2/repository/com/esotericsoftware/kryo/kryo/2.24.0/kryo-2.24.0.jar:/Users/noah/.m2/repository/com/esotericsoftware/minlog/minlog/1.2/minlog-1.2.jar:/Users/noah/.m2/repository/org/objenesis/objenesis/2.1/objenesis-2.1.jar:/Users/noah/.m2/repository/commons-collections/commons-collections/3.2.2/commons-collections-3.2.2.jar:/Users/noah/.m2/repository/org/apache/commons/commons-compress/1.21/commons-compress-1.21.jar:/Users/noah/.m2/repository/org/apache/flink/flink-shaded-guava/30.1.1-jre-15.0/flink-shaded-guava-30.1.1-jre-15.0.jar:/Users/noah/.m2/repository/org/apache/commons/commons-lang3/3.3.2/commons-lang3-3.3.2.jar:/Users/noah/.m2/repository/org/apache/commons/commons-math3/3.6.1/commons-math3-3.6.1.jar:/Users/noah/.m2/repository/com/twitter/chill-java/0.7.6/chill-java-0.7.6.jar:/Users/noah/.m2/repository/org/slf4j/slf4j-api/1.7.32/slf4j-api-1.7.32.jar:/Users/noah/.m2/repository/com/google/code/findbugs/jsr305/1.3.9/jsr305-1.3.9.jar:/Users/noah/.m2/repository/org/apache/flink/flink-shaded-force-shading/15.0/flink-shaded-force-shading-15.0.jar:"/>
    <property name="java.vm.vendor" value="Homebrew"/>
    <property name="sun.arch.data.model" value="64"/>
    <property name="java.vendor.url" value="https://github.com/Homebrew/homebrew-core/issues"/>
    <property name="user.timezone" value=""/>
    <property name="java.vm.specification.version" value="11"/>
    <property name="os.name" value="Mac OS X"/>
    <property name="sun.java.launcher" value="SUN_STANDARD"/>
    <property name="user.country" value="US"/>
    <property name="sun.boot.library.path" value="/opt/homebrew/Cellar/openjdk@11/11.0.20.1/libexec/openjdk.jdk/Contents/Home/lib"/>
    <property name="sun.java.command" value="/Users/noah/dev/flink-udemy/wc/target/surefire/surefirebooter14738870737053842113.jar /Users/noah/dev/flink-udemy/wc/target/surefire 2023-10-14T15-47-58_928-jvmRun1 surefire640014897127189784tmp surefire_03974165095135747682tmp"/>
    <property name="http.nonProxyHosts" value="local|*.local|169.254/16|*.169.254/16"/>
    <property name="jdk.debug" value="release"/>
    <property name="surefire.test.class.path" value="/Users/noah/dev/flink-udemy/wc/target/test-classes:/Users/noah/dev/flink-udemy/wc/target/classes:/Users/noah/.m2/repository/junit/junit/4.11/junit-4.11.jar:/Users/noah/.m2/repository/org/hamcrest/hamcrest-core/1.3/hamcrest-core-1.3.jar:/Users/noah/.m2/repository/org/apache/flink/flink-java/1.16.2/flink-java-1.16.2.jar:/Users/noah/.m2/repository/org/apache/flink/flink-core/1.16.2/flink-core-1.16.2.jar:/Users/noah/.m2/repository/org/apache/flink/flink-annotations/1.16.2/flink-annotations-1.16.2.jar:/Users/noah/.m2/repository/org/apache/flink/flink-metrics-core/1.16.2/flink-metrics-core-1.16.2.jar:/Users/noah/.m2/repository/org/apache/flink/flink-shaded-asm-9/9.2-15.0/flink-shaded-asm-9-9.2-15.0.jar:/Users/noah/.m2/repository/org/apache/flink/flink-shaded-jackson/2.12.4-15.0/flink-shaded-jackson-2.12.4-15.0.jar:/Users/noah/.m2/repository/com/esotericsoftware/kryo/kryo/2.24.0/kryo-2.24.0.jar:/Users/noah/.m2/repository/com/esotericsoftware/minlog/minlog/1.2/minlog-1.2.jar:/Users/noah/.m2/repository/org/objenesis/objenesis/2.1/objenesis-2.1.jar:/Users/noah/.m2/repository/commons-collections/commons-collections/3.2.2/commons-collections-3.2.2.jar:/Users/noah/.m2/repository/org/apache/commons/commons-compress/1.21/commons-compress-1.21.jar:/Users/noah/.m2/repository/org/apache/flink/flink-shaded-guava/30.1.1-jre-15.0/flink-shaded-guava-30.1.1-jre-15.0.jar:/Users/noah/.m2/repository/org/apache/commons/commons-lang3/3.3.2/commons-lang3-3.3.2.jar:/Users/noah/.m2/repository/org/apache/commons/commons-math3/3.6.1/commons-math3-3.6.1.jar:/Users/noah/.m2/repository/com/twitter/chill-java/0.7.6/chill-java-0.7.6.jar:/Users/noah/.m2/repository/org/slf4j/slf4j-api/1.7.32/slf4j-api-1.7.32.jar:/Users/noah/.m2/repository/com/google/code/findbugs/jsr305/1.3.9/jsr305-1.3.9.jar:/Users/noah/.m2/repository/org/apache/flink/flink-shaded-force-shading/15.0/flink-shaded-force-shading-15.0.jar:"/>
    <property name="sun.cpu.endian" value="little"/>
    <property name="user.home" value="/Users/noah"/>
    <property name="user.language" value="en"/>
    <property name="java.specification.vendor" value="Oracle Corporation"/>
    <property name="java.version.date" value="2023-08-24"/>
    <property name="java.home" value="/opt/homebrew/Cellar/openjdk@11/11.0.20.1/libexec/openjdk.jdk/Contents/Home"/>
    <property name="file.separator" value="/"/>
    <property name="basedir" value="/Users/noah/dev/flink-udemy/wc"/>
    <property name="java.vm.compressedOopsMode" value="Zero based"/>
    <property name="line.separator" value="&#10;"/>
    <property name="java.specification.name" value="Java Platform API Specification"/>
    <property name="java.vm.specification.vendor" value="Oracle Corporation"/>
    <property name="java.awt.graphicsenv" value="sun.awt.CGraphicsEnvironment"/>
    <property name="surefire.real.class.path" value="/Users/noah/dev/flink-udemy/wc/target/surefire/surefirebooter14738870737053842113.jar"/>
    <property name="sun.management.compiler" value="HotSpot 64-Bit Tiered Compilers"/>
    <property name="ftp.nonProxyHosts" value="local|*.local|169.254/16|*.169.254/16"/>
    <property name="java.runtime.version" value="11.0.20.1+0"/>
    <property name="user.name" value="noah"/>
    <property name="path.separator" value=":"/>
    <property name="os.version" value="12.2.1"/>
    <property name="java.runtime.name" value="OpenJDK Runtime Environment"/>
    <property name="file.encoding" value="UTF-8"/>
    <property name="java.vm.name" value="OpenJDK 64-Bit Server VM"/>
    <property name="java.vendor.version" value="Homebrew"/>
    <property name="localRepository" value="/Users/noah/.m2/repository"/>
    <property name="java.vendor.url.bug" value="https://github.com/Homebrew/homebrew-core/issues"/>
    <property name="java.io.tmpdir" value="/var/folders/kh/bdh2rfts3zbcjcp001zy8w680000gn/T/"/>
    <property name="java.version" value="11.0.20.1"/>
    <property name="user.dir" value="/Users/noah/dev/flink-udemy/wc"/>
    <property name="os.arch" value="aarch64"/>
    <property name="java.vm.specification.name" value="Java Virtual Machine Specification"/>
    <property name="java.awt.printerjob" value="sun.lwawt.macosx.CPrinterJob"/>
    <property name="sun.os.patch.level" value="unknown"/>
    <property name="java.library.path" value="/Users/noah/Library/Java/Extensions:/Library/Java/Extensions:/Network/Library/Java/Extensions:/System/Library/Java/Extensions:/usr/lib/java:."/>
    <property name="java.vm.info" value="mixed mode"/>
    <property name="java.vendor" value="Homebrew"/>
    <property name="java.vm.version" value="11.0.20.1+0"/>
    <property name="java.specification.maintenance.version" value="2"/>
    <property name="sun.io.unicode.encoding" value="UnicodeBig"/>
    <property name="java.class.version" value="55.0"/>
    <property name="socksNonProxyHosts" value="local|*.local|169.254/16|*.169.254/16"/>
  </properties>
  <testcase name="shouldAnswerWithTrue" classname="wc.AppTest" time="0.001"/>
</testsuite>